Building DAG of jobs...
Job counts:
	count	jobs
	1	all
	1	index_ref
	1	map_pairs
	3

[Mon Jan 18 21:30:53 2021]
rule index_ref:
    input: .test/assem/assem.fa
    output: sample_77/sample_77.fa.bwt, sample_77/sample_77.fa.amb, sample_77/sample_77.fa.ann, sample_77/sample_77.fa.pac, sample_77/sample_77.fa.sa, sample_77/sample_77.fa
    jobid: 2
    wildcards: ref=sample_77

RuleException in line 20 of /Users/jtevans/Documents/Git_Repos/Metagenomics-Workflow/rules/map.smk:
NameError: The name 'ref' is unknown in this context. Did you mean 'wildcards.ref'?
  File "/usr/local/Caskroom/miniconda/base/envs/snakemake/lib/python3.9/site-packages/snakemake/executors/__init__.py", line 136, in run_jobs
  File "/usr/local/Caskroom/miniconda/base/envs/snakemake/lib/python3.9/site-packages/snakemake/executors/__init__.py", line 145, in run
  File "/usr/local/Caskroom/miniconda/base/envs/snakemake/lib/python3.9/site-packages/snakemake/executors/__init__.py", line 156, in _run
  File "/usr/local/Caskroom/miniconda/base/envs/snakemake/lib/python3.9/site-packages/snakemake/executors/__init__.py", line 176, in printjob
  File "/usr/local/Caskroom/miniconda/base/envs/snakemake/lib/python3.9/site-packages/snakemake/executors/__init__.py", line 162, in printjob
